{"/Users/adrianberisha/Desktop/dev/ist-coding-challenge/source/server.ts": {"path":"/Users/adrianberisha/Desktop/dev/ist-coding-challenge/source/server.ts","statementMap":{"0":{"start":{"line":1,"column":0},"end":{"line":1,"column":57}},"1":{"start":{"line":2,"column":0},"end":{"line":2,"column":41}},"2":{"start":{"line":3,"column":0},"end":{"line":3,"column":28}},"3":{"start":{"line":4,"column":0},"end":{"line":4,"column":47}},"4":{"start":{"line":11,"column":23},"end":{"line":11,"column":32}},"5":{"start":{"line":13,"column":2},"end":{"line":13,"column":20}},"6":{"start":{"line":14,"column":2},"end":{"line":14,"column":18}},"7":{"start":{"line":16,"column":2},"end":{"line":16,"column":42}},"8":{"start":{"line":18,"column":17},"end":{"line":18,"column":41}},"9":{"start":{"line":19,"column":2},"end":{"line":19,"column":23}},"10":{"start":{"line":20,"column":2},"end":{"line":20,"column":25}},"11":{"start":{"line":7,"column":0},"end":{"line":7,"column":24}}},"fnMap":{"0":{"name":"createApp","decl":{"start":{"line":7,"column":24},"end":{"line":7,"column":33}},"loc":{"start":{"line":7,"column":62},"end":{"line":21,"column":1}}}},"branchMap":{},"s":{"0":1,"1":1,"2":1,"3":1,"4":1,"5":1,"6":1,"7":1,"8":1,"9":1,"10":1,"11":1},"f":{"0":1},"b":{}}
,"/Users/adrianberisha/Desktop/dev/ist-coding-challenge/source/controllers/vatController.ts": {"path":"/Users/adrianberisha/Desktop/dev/ist-coding-challenge/source/controllers/vatController.ts","statementMap":{"0":{"start":{"line":2,"column":0},"end":{"line":2,"column":54}},"1":{"start":{"line":3,"column":0},"end":{"line":3,"column":24}},"2":{"start":{"line":5,"column":0},"end":{"line":5,"column":55}},"3":{"start":{"line":6,"column":0},"end":{"line":6,"column":63}},"4":{"start":{"line":8,"column":28},"end":{"line":8,"column":75}},"5":{"start":{"line":8,"column":62},"end":{"line":8,"column":74}},"6":{"start":{"line":10,"column":26},"end":{"line":10,"column":78}},"7":{"start":{"line":11,"column":24},"end":{"line":11,"column":50}},"8":{"start":{"line":15,"column":19},"end":{"line":18,"column":2}},"9":{"start":{"line":24,"column":4},"end":{"line":24,"column":39}},"10":{"start":{"line":28,"column":33},"end":{"line":28,"column":59}},"11":{"start":{"line":29,"column":20},"end":{"line":29,"column":72}},"12":{"start":{"line":30,"column":4},"end":{"line":33,"column":5}},"13":{"start":{"line":31,"column":6},"end":{"line":31,"column":69}},"14":{"start":{"line":32,"column":6},"end":{"line":32,"column":75}},"15":{"start":{"line":35,"column":4},"end":{"line":51,"column":5}},"16":{"start":{"line":36,"column":25},"end":{"line":36,"column":66}},"17":{"start":{"line":38,"column":6},"end":{"line":43,"column":7}},"18":{"start":{"line":39,"column":8},"end":{"line":41,"column":10}},"19":{"start":{"line":42,"column":8},"end":{"line":42,"column":66}},"20":{"start":{"line":45,"column":23},"end":{"line":45,"column":63}},"21":{"start":{"line":47,"column":6},"end":{"line":47,"column":56}},"22":{"start":{"line":49,"column":6},"end":{"line":49,"column":79}},"23":{"start":{"line":50,"column":6},"end":{"line":50,"column":73}},"24":{"start":{"line":20,"column":0},"end":{"line":20,"column":21}}},"fnMap":{"0":{"name":"(anonymous_1)","decl":{"start":{"line":8,"column":49},"end":{"line":8,"column":50}},"loc":{"start":{"line":8,"column":62},"end":{"line":8,"column":74}}},"1":{"name":"(anonymous_2)","decl":{"start":{"line":23,"column":2},"end":{"line":23,"column":14}},"loc":{"start":{"line":23,"column":42},"end":{"line":25,"column":3}}},"2":{"name":"(anonymous_3)","decl":{"start":{"line":27,"column":2},"end":{"line":27,"column":7}},"loc":{"start":{"line":27,"column":44},"end":{"line":52,"column":3}}}},"branchMap":{"0":{"loc":{"start":{"line":30,"column":4},"end":{"line":33,"column":5}},"type":"if","locations":[{"start":{"line":30,"column":4},"end":{"line":33,"column":5}}]},"1":{"loc":{"start":{"line":38,"column":6},"end":{"line":43,"column":7}},"type":"if","locations":[{"start":{"line":38,"column":6},"end":{"line":43,"column":7}}]}},"s":{"0":2,"1":2,"2":2,"3":2,"4":2,"5":58,"6":2,"7":2,"8":2,"9":2,"10":7,"11":7,"12":7,"13":2,"14":2,"15":5,"16":5,"17":5,"18":0,"19":0,"20":5,"21":3,"22":2,"23":2,"24":2},"f":{"0":58,"1":2,"2":7},"b":{"0":[2],"1":[0]}}
,"/Users/adrianberisha/Desktop/dev/ist-coding-challenge/source/services/ServiceFactory.ts": {"path":"/Users/adrianberisha/Desktop/dev/ist-coding-challenge/source/services/ServiceFactory.ts","statementMap":{"0":{"start":{"line":1,"column":0},"end":{"line":1,"column":49}},"1":{"start":{"line":2,"column":0},"end":{"line":2,"column":49}},"2":{"start":{"line":7,"column":4},"end":{"line":9,"column":5}},"3":{"start":{"line":8,"column":6},"end":{"line":8,"column":32}},"4":{"start":{"line":10,"column":4},"end":{"line":10,"column":30}},"5":{"start":{"line":5,"column":0},"end":{"line":5,"column":13}}},"fnMap":{"0":{"name":"(anonymous_0)","decl":{"start":{"line":6,"column":2},"end":{"line":6,"column":8}},"loc":{"start":{"line":6,"column":47},"end":{"line":11,"column":3}}}},"branchMap":{"0":{"loc":{"start":{"line":7,"column":4},"end":{"line":9,"column":5}},"type":"if","locations":[{"start":{"line":7,"column":4},"end":{"line":9,"column":5}}]}},"s":{"0":3,"1":3,"2":2,"3":1,"4":1,"5":3},"f":{"0":2},"b":{"0":[1]}}
,"/Users/adrianberisha/Desktop/dev/ist-coding-challenge/source/services/VatService.ts": {"path":"/Users/adrianberisha/Desktop/dev/ist-coding-challenge/source/services/VatService.ts","statementMap":{"0":{"start":{"line":1,"column":0},"end":{"line":1,"column":54}},"1":{"start":{"line":15,"column":20},"end":{"line":15,"column":72}},"2":{"start":{"line":15,"column":49},"end":{"line":15,"column":71}},"3":{"start":{"line":16,"column":4},"end":{"line":18,"column":5}},"4":{"start":{"line":17,"column":6},"end":{"line":17,"column":47}},"5":{"start":{"line":19,"column":4},"end":{"line":21,"column":5}},"6":{"start":{"line":20,"column":6},"end":{"line":20,"column":19}},"7":{"start":{"line":22,"column":4},"end":{"line":22,"column":16}},"8":{"start":{"line":8,"column":0},"end":{"line":8,"column":22}}},"fnMap":{"0":{"name":"(anonymous_1)","decl":{"start":{"line":11,"column":2},"end":{"line":11,"column":8}},"loc":{"start":{"line":13,"column":24},"end":{"line":23,"column":3}}},"1":{"name":"(anonymous_2)","decl":{"start":{"line":15,"column":42},"end":{"line":15,"column":43}},"loc":{"start":{"line":15,"column":49},"end":{"line":15,"column":71}}}},"branchMap":{"0":{"loc":{"start":{"line":16,"column":4},"end":{"line":18,"column":5}},"type":"if","locations":[{"start":{"line":16,"column":4},"end":{"line":18,"column":5}}]},"1":{"loc":{"start":{"line":19,"column":4},"end":{"line":21,"column":5}},"type":"if","locations":[{"start":{"line":19,"column":4},"end":{"line":21,"column":5}}]}},"s":{"0":6,"1":3,"2":43,"3":3,"4":1,"5":2,"6":1,"7":1,"8":6},"f":{"0":3,"1":43},"b":{"0":[1],"1":[1]}}
,"/Users/adrianberisha/Desktop/dev/ist-coding-challenge/source/services/VatServiceCH.ts": {"path":"/Users/adrianberisha/Desktop/dev/ist-coding-challenge/source/services/VatServiceCH.ts","statementMap":{"0":{"start":{"line":1,"column":0},"end":{"line":1,"column":61}},"1":{"start":{"line":3,"column":12},"end":{"line":3,"column":66}},"2":{"start":{"line":5,"column":2},"end":{"line":5,"column":75}},"3":{"start":{"line":9,"column":20},"end":{"line":17,"column":18}},"4":{"start":{"line":19,"column":17},"end":{"line":26,"column":6}},"5":{"start":{"line":28,"column":16},"end":{"line":28,"column":33}},"6":{"start":{"line":29,"column":4},"end":{"line":29,"column":60}},"7":{"start":{"line":29,"column":18},"end":{"line":29,"column":60}},"8":{"start":{"line":31,"column":14},"end":{"line":32,"column":null}},"9":{"start":{"line":34,"column":4},"end":{"line":34,"column":54}},"10":{"start":{"line":34,"column":12},"end":{"line":34,"column":54}},"11":{"start":{"line":36,"column":4},"end":{"line":36,"column":19}},"12":{"start":{"line":38,"column":22},"end":{"line":38,"column":37}},"13":{"start":{"line":39,"column":4},"end":{"line":45,"column":77}},"14":{"start":{"line":7,"column":0},"end":{"line":7,"column":13}}},"fnMap":{"0":{"name":"(anonymous_0)","decl":{"start":{"line":8,"column":2},"end":{"line":8,"column":7}},"loc":{"start":{"line":8,"column":47},"end":{"line":46,"column":3}}}},"branchMap":{"0":{"loc":{"start":{"line":29,"column":4},"end":{"line":29,"column":60}},"type":"if","locations":[{"start":{"line":29,"column":4},"end":{"line":29,"column":60}}]},"1":{"loc":{"start":{"line":34,"column":4},"end":{"line":34,"column":54}},"type":"if","locations":[{"start":{"line":34,"column":4},"end":{"line":34,"column":54}}]},"2":{"loc":{"start":{"line":39,"column":11},"end":{"line":45,"column":76}},"type":"cond-expr","locations":[{"start":{"line":40,"column":8},"end":{"line":44,"column":null}},{"start":{"line":45,"column":8},"end":{"line":45,"column":76}}]}},"s":{"0":4,"1":4,"2":4,"3":4,"4":4,"5":4,"6":4,"7":1,"8":3,"9":3,"10":1,"11":2,"12":2,"13":2,"14":4},"f":{"0":4},"b":{"0":[1],"1":[1],"2":[1,1]}}
,"/Users/adrianberisha/Desktop/dev/ist-coding-challenge/source/services/VatServiceEU.ts": {"path":"/Users/adrianberisha/Desktop/dev/ist-coding-challenge/source/services/VatServiceEU.ts","statementMap":{"0":{"start":{"line":2,"column":0},"end":{"line":2,"column":61}},"1":{"start":{"line":11,"column":2},"end":{"line":11,"column":72}},"2":{"start":{"line":18,"column":20},"end":{"line":28,"column":6}},"3":{"start":{"line":30,"column":4},"end":{"line":46,"column":5}},"4":{"start":{"line":31,"column":23},"end":{"line":31,"column":64}},"5":{"start":{"line":32,"column":6},"end":{"line":34,"column":7}},"6":{"start":{"line":33,"column":8},"end":{"line":33,"column":50}},"7":{"start":{"line":35,"column":20},"end":{"line":35,"column":41}},"8":{"start":{"line":36,"column":6},"end":{"line":36,"column":55}},"9":{"start":{"line":37,"column":6},"end":{"line":43,"column":79}},"10":{"start":{"line":45,"column":6},"end":{"line":45,"column":48}},"11":{"start":{"line":13,"column":0},"end":{"line":13,"column":13}}},"fnMap":{"0":{"name":"(anonymous_0)","decl":{"start":{"line":14,"column":2},"end":{"line":14,"column":7}},"loc":{"start":{"line":16,"column":18},"end":{"line":47,"column":3}}}},"branchMap":{"0":{"loc":{"start":{"line":32,"column":6},"end":{"line":34,"column":7}},"type":"if","locations":[{"start":{"line":32,"column":6},"end":{"line":34,"column":7}}]},"1":{"loc":{"start":{"line":37,"column":13},"end":{"line":43,"column":78}},"type":"cond-expr","locations":[{"start":{"line":38,"column":10},"end":{"line":42,"column":null}},{"start":{"line":43,"column":10},"end":{"line":43,"column":78}}]}},"s":{"0":4,"1":4,"2":4,"3":4,"4":4,"5":3,"6":1,"7":2,"8":2,"9":2,"10":2,"11":4},"f":{"0":4},"b":{"0":[1],"1":[1,1]}}
}
