TN:
SF:source/server.ts
FN:7,createApp
FNF:1
FNH:1
FNDA:1,createApp
DA:1,1
DA:2,1
DA:3,1
DA:4,1
DA:7,1
DA:11,1
DA:13,1
DA:14,1
DA:16,1
DA:18,1
DA:19,1
DA:20,1
LF:12
LH:12
BRF:0
BRH:0
end_of_record
TN:
SF:source/controllers/vatController.ts
FN:8,(anonymous_1)
FN:23,(anonymous_2)
FN:27,(anonymous_3)
FNF:3
FNH:3
FNDA:58,(anonymous_1)
FNDA:2,(anonymous_2)
FNDA:7,(anonymous_3)
DA:2,2
DA:3,2
DA:5,2
DA:6,2
DA:8,58
DA:10,2
DA:11,2
DA:15,2
DA:20,2
DA:24,2
DA:28,7
DA:29,7
DA:30,7
DA:31,2
DA:32,2
DA:35,5
DA:36,5
DA:38,5
DA:39,0
DA:42,0
DA:45,5
DA:47,3
DA:49,2
DA:50,2
LF:24
LH:22
BRDA:30,0,0,2
BRDA:38,1,0,0
BRF:2
BRH:1
end_of_record
TN:
SF:source/services/ServiceFactory.ts
FN:6,(anonymous_0)
FNF:1
FNH:1
FNDA:2,(anonymous_0)
DA:1,3
DA:2,3
DA:5,3
DA:7,2
DA:8,1
DA:10,1
LF:6
LH:6
BRDA:7,0,0,1
BRF:1
BRH:1
end_of_record
TN:
SF:source/services/VatService.ts
FN:11,(anonymous_1)
FN:15,(anonymous_2)
FNF:2
FNH:2
FNDA:3,(anonymous_1)
FNDA:43,(anonymous_2)
DA:1,6
DA:8,6
DA:15,43
DA:16,3
DA:17,1
DA:19,2
DA:20,1
DA:22,1
LF:8
LH:8
BRDA:16,0,0,1
BRDA:19,1,0,1
BRF:2
BRH:2
end_of_record
TN:
SF:source/services/VatServiceCH.ts
FN:8,(anonymous_0)
FNF:1
FNH:1
FNDA:4,(anonymous_0)
DA:1,4
DA:3,4
DA:5,4
DA:7,4
DA:9,4
DA:19,4
DA:28,4
DA:29,4
DA:31,3
DA:34,3
DA:36,2
DA:38,2
DA:39,2
LF:13
LH:13
BRDA:29,0,0,1
BRDA:34,1,0,1
BRDA:39,2,0,1
BRDA:39,2,1,1
BRF:4
BRH:4
end_of_record
TN:
SF:source/services/VatServiceEU.ts
FN:14,(anonymous_0)
FNF:1
FNH:1
FNDA:4,(anonymous_0)
DA:2,4
DA:11,4
DA:13,4
DA:18,4
DA:30,4
DA:31,4
DA:32,3
DA:33,1
DA:35,2
DA:36,2
DA:37,2
DA:45,2
LF:12
LH:12
BRDA:32,0,0,1
BRDA:37,1,0,1
BRDA:37,1,1,1
BRF:3
BRH:3
end_of_record
